[2025-06-04 16:50:41] INFO [query.register_csv_file:583] 
        IF NOT EXISTS (SELECT * FROM sys.objects WHERE object_id = OBJECT_ID(N'[dbo].[csv_registry]') AND type in (N'U'))
        BEGIN
            CREATE TABLE [dbo].[csv_registry] (
                [id] INT IDENTITY(1,1) PRIMARY KEY,
                [file_name] NVARCHAR(255) NOT NULL,
                [file_path] NVARCHAR(1000) NOT NULL,
                [row_count] INT NOT NULL,
                [column_count] INT NOT NULL,
                [loaded_at] DATETIME DEFAULT GETDATE(),
                [is_processed] BIT DEFAULT 1
            )
            
            CREATE INDEX [idx_csv_registry_is_processed] ON [dbo].[csv_registry] ([is_processed])
        END
        
[2025-06-04 16:50:41] INFO [query.register_csv_file:592] SELECT id FROM csv_registry WHERE file_path = ?
[2025-06-04 16:50:41] INFO [query.register_csv_file:617] 
            INSERT INTO csv_registry (file_name, file_path, row_count, column_count, is_processed)
            VALUES (?, ?, ?, ?, 1)
            
[2025-06-04 16:50:42] INFO [query.bulk_insert_to_db:649] 
        SELECT COLUMN_NAME, DATA_TYPE, CHARACTER_MAXIMUM_LENGTH 
        FROM INFORMATION_SCHEMA.COLUMNS 
        WHERE TABLE_NAME = 'FISHCM_NetworkLogon'
        ORDER BY ORDINAL_POSITION
        
[2025-06-04 16:50:42] INFO [query.bulk_insert_to_db:679] 
        CREATE TABLE #temp_FISHCM_NetworkLogon (
            [time] NVARCHAR(50), [computer] NVARCHAR(50), [user] NVARCHAR(255), [workstationname] NVARCHAR(50), [ipaddress] NVARCHAR(50), [name] NVARCHAR(50), [event_count] BIGINT, [processed_at] DATETIME2
        )
        
[2025-06-04 16:50:42] INFO [query.bulk_insert_to_db:688] INSERT INTO #temp_FISHCM_NetworkLogon ([time],[computer],[user],[workstationname],[ipaddress],[name],[event_count]) VALUES (?,?,?,?,?,?,?)
[2025-06-04 16:51:04] INFO [query.bulk_insert_to_db:708] 
        INSERT INTO FISHCM_NetworkLogon ([time],[computer],[user],[workstationname],[ipaddress],[name],[event_count])
        SELECT [time],[computer],[user],[workstationname],[ipaddress],[name],[event_count] FROM #temp_FISHCM_NetworkLogon
        
[2025-06-04 16:51:05] INFO [query.bulk_insert_to_db:722] DROP TABLE #temp_FISHCM_NetworkLogon
[2025-06-04 16:58:48] INFO [query.register_csv_file:583] 
        IF NOT EXISTS (SELECT * FROM sys.objects WHERE object_id = OBJECT_ID(N'[dbo].[csv_registry]') AND type in (N'U'))
        BEGIN
            CREATE TABLE [dbo].[csv_registry] (
                [id] INT IDENTITY(1,1) PRIMARY KEY,
                [file_name] NVARCHAR(255) NOT NULL,
                [file_path] NVARCHAR(1000) NOT NULL,
                [row_count] INT NOT NULL,
                [column_count] INT NOT NULL,
                [loaded_at] DATETIME DEFAULT GETDATE(),
                [is_processed] BIT DEFAULT 1
            )
            
            CREATE INDEX [idx_csv_registry_is_processed] ON [dbo].[csv_registry] ([is_processed])
        END
        
[2025-06-04 16:58:48] INFO [query.register_csv_file:592] SELECT id FROM csv_registry WHERE file_path = ?
[2025-06-04 16:58:50] INFO [query.bulk_insert_to_db:649] 
        SELECT COLUMN_NAME, DATA_TYPE, CHARACTER_MAXIMUM_LENGTH 
        FROM INFORMATION_SCHEMA.COLUMNS 
        WHERE TABLE_NAME = 'FISHCM_NetworkLogon'
        ORDER BY ORDINAL_POSITION
        
[2025-06-04 16:58:50] INFO [query.bulk_insert_to_db:679] 
        CREATE TABLE #temp_FISHCM_NetworkLogon (
            [time] NVARCHAR(50), [computer] NVARCHAR(50), [user] NVARCHAR(255), [workstationname] NVARCHAR(50), [ipaddress] NVARCHAR(50), [name] NVARCHAR(50), [event_count] BIGINT, [processed_at] DATETIME2
        )
        
[2025-06-04 16:58:50] INFO [query.bulk_insert_to_db:688] INSERT INTO #temp_FISHCM_NetworkLogon ([time],[computer],[user],[workstationname],[ipaddress],[name],[event_count]) VALUES (?,?,?,?,?,?,?)
[2025-06-04 16:59:12] INFO [query.bulk_insert_to_db:708] 
        INSERT INTO FISHCM_NetworkLogon ([time],[computer],[user],[workstationname],[ipaddress],[name],[event_count])
        SELECT [time],[computer],[user],[workstationname],[ipaddress],[name],[event_count] FROM #temp_FISHCM_NetworkLogon
        
[2025-06-04 16:59:12] INFO [query.bulk_insert_to_db:722] DROP TABLE #temp_FISHCM_NetworkLogon
[2025-06-04 17:01:09] INFO [query.register_csv_file:583] 
        IF NOT EXISTS (SELECT * FROM sys.objects WHERE object_id = OBJECT_ID(N'[dbo].[csv_registry]') AND type in (N'U'))
        BEGIN
            CREATE TABLE [dbo].[csv_registry] (
                [id] INT IDENTITY(1,1) PRIMARY KEY,
                [file_name] NVARCHAR(255) NOT NULL,
                [file_path] NVARCHAR(1000) NOT NULL,
                [row_count] INT NOT NULL,
                [column_count] INT NOT NULL,
                [loaded_at] DATETIME DEFAULT GETDATE(),
                [is_processed] BIT DEFAULT 1
            )
            
            CREATE INDEX [idx_csv_registry_is_processed] ON [dbo].[csv_registry] ([is_processed])
        END
        
[2025-06-04 17:01:09] INFO [query.register_csv_file:592] SELECT id FROM csv_registry WHERE file_path = ?
[2025-06-04 17:01:09] INFO [query.register_csv_file:617] 
            INSERT INTO csv_registry (file_name, file_path, row_count, column_count, is_processed)
            VALUES (?, ?, ?, ?, 1)
            
[2025-06-04 17:01:10] INFO [query.bulk_insert_to_db:649] 
        SELECT COLUMN_NAME, DATA_TYPE, CHARACTER_MAXIMUM_LENGTH 
        FROM INFORMATION_SCHEMA.COLUMNS 
        WHERE TABLE_NAME = 'FISHCM_AUTHENTICATE_CHECKPOINT'
        ORDER BY ORDINAL_POSITION
        
[2025-06-04 17:01:10] INFO [query.bulk_insert_to_db:679] 
        CREATE TABLE #temp_FISHCM_AUTHENTICATE_CHECKPOINT (
            [_time] NVARCHAR(50), [targetusername] NVARCHAR(50), [ipport] BIGINT, [processed_at] DATETIME2
        )
        
[2025-06-04 17:01:10] INFO [query.bulk_insert_to_db:688] INSERT INTO #temp_FISHCM_AUTHENTICATE_CHECKPOINT ([_time],[targetusername],[ipport]) VALUES (?,?,?)
[2025-06-04 17:01:11] INFO [query.bulk_insert_to_db:708] 
        INSERT INTO FISHCM_AUTHENTICATE_CHECKPOINT ([_time],[targetusername],[ipport])
        SELECT [_time],[targetusername],[ipport] FROM #temp_FISHCM_AUTHENTICATE_CHECKPOINT
        
[2025-06-04 17:01:11] INFO [query.bulk_insert_to_db:722] DROP TABLE #temp_FISHCM_AUTHENTICATE_CHECKPOINT
[2025-06-04 17:01:31] INFO [query.register_csv_file:583] 
        IF NOT EXISTS (SELECT * FROM sys.objects WHERE object_id = OBJECT_ID(N'[dbo].[csv_registry]') AND type in (N'U'))
        BEGIN
            CREATE TABLE [dbo].[csv_registry] (
                [id] INT IDENTITY(1,1) PRIMARY KEY,
                [file_name] NVARCHAR(255) NOT NULL,
                [file_path] NVARCHAR(1000) NOT NULL,
                [row_count] INT NOT NULL,
                [column_count] INT NOT NULL,
                [loaded_at] DATETIME DEFAULT GETDATE(),
                [is_processed] BIT DEFAULT 1
            )
            
            CREATE INDEX [idx_csv_registry_is_processed] ON [dbo].[csv_registry] ([is_processed])
        END
        
[2025-06-04 17:01:31] INFO [query.register_csv_file:592] SELECT id FROM csv_registry WHERE file_path = ?
[2025-06-04 17:01:31] INFO [query.register_csv_file:617] 
            INSERT INTO csv_registry (file_name, file_path, row_count, column_count, is_processed)
            VALUES (?, ?, ?, ?, 1)
            
[2025-06-04 17:01:31] INFO [query.bulk_insert_to_db:649] 
        SELECT COLUMN_NAME, DATA_TYPE, CHARACTER_MAXIMUM_LENGTH 
        FROM INFORMATION_SCHEMA.COLUMNS 
        WHERE TABLE_NAME = 'FISHCM_FILESERV_LOGIN'
        ORDER BY ORDINAL_POSITION
        
[2025-06-04 17:01:31] INFO [query.bulk_insert_to_db:679] 
        CREATE TABLE #temp_FISHCM_FILESERV_LOGIN (
            [_time] NVARCHAR(50), [computer] NVARCHAR(50), [user] NVARCHAR(255), [workstationname] NVARCHAR(50), [ipaddress] NVARCHAR(50), [name] NVARCHAR(50), [event_count] BIGINT, [processed_at] DATETIME2
        )
        
[2025-06-04 17:01:31] INFO [query.bulk_insert_to_db:688] INSERT INTO #temp_FISHCM_FILESERV_LOGIN ([_time],[computer],[user],[workstationname],[ipaddress],[name],[event_count]) VALUES (?,?,?,?,?,?,?)
[2025-06-04 17:01:51] INFO [query.bulk_insert_to_db:708] 
        INSERT INTO FISHCM_FILESERV_LOGIN ([_time],[computer],[user],[workstationname],[ipaddress],[name],[event_count])
        SELECT [_time],[computer],[user],[workstationname],[ipaddress],[name],[event_count] FROM #temp_FISHCM_FILESERV_LOGIN
        
[2025-06-04 17:01:51] INFO [query.bulk_insert_to_db:722] DROP TABLE #temp_FISHCM_FILESERV_LOGIN
[2025-06-04 17:02:19] INFO [query.register_csv_file:583] 
        IF NOT EXISTS (SELECT * FROM sys.objects WHERE object_id = OBJECT_ID(N'[dbo].[csv_registry]') AND type in (N'U'))
        BEGIN
            CREATE TABLE [dbo].[csv_registry] (
                [id] INT IDENTITY(1,1) PRIMARY KEY,
                [file_name] NVARCHAR(255) NOT NULL,
                [file_path] NVARCHAR(1000) NOT NULL,
                [row_count] INT NOT NULL,
                [column_count] INT NOT NULL,
                [loaded_at] DATETIME DEFAULT GETDATE(),
                [is_processed] BIT DEFAULT 1
            )
            
            CREATE INDEX [idx_csv_registry_is_processed] ON [dbo].[csv_registry] ([is_processed])
        END
        
[2025-06-04 17:02:19] INFO [query.register_csv_file:592] SELECT id FROM csv_registry WHERE file_path = ?
[2025-06-04 17:02:19] INFO [query.register_csv_file:617] 
            INSERT INTO csv_registry (file_name, file_path, row_count, column_count, is_processed)
            VALUES (?, ?, ?, ?, 1)
            
[2025-06-04 17:02:19] INFO [query.bulk_insert_to_db:649] 
        SELECT COLUMN_NAME, DATA_TYPE, CHARACTER_MAXIMUM_LENGTH 
        FROM INFORMATION_SCHEMA.COLUMNS 
        WHERE TABLE_NAME = 'FISHCM_VPN_ALERT'
        ORDER BY ORDINAL_POSITION
        
[2025-06-04 17:02:20] INFO [query.bulk_insert_to_db:679] 
        CREATE TABLE #temp_FISHCM_VPN_ALERT (
            [_time] NVARCHAR(50), [src_user] NVARCHAR(50), [fullyqualifiedsubjectusername] NVARCHAR(255), [clientname] NVARCHAR(50), [clientipaddress] NVARCHAR(50), [nasidentifier] NVARCHAR(50), [nasport] BIGINT, [callingstationid] NVARCHAR(50), [processed_at] DATETIME2
        )
        
[2025-06-04 17:02:20] INFO [query.bulk_insert_to_db:688] INSERT INTO #temp_FISHCM_VPN_ALERT ([_time],[src_user],[fullyqualifiedsubjectusername],[clientname],[clientipaddress],[nasidentifier],[nasport],[callingstationid]) VALUES (?,?,?,?,?,?,?,?)
[2025-06-04 17:02:53] INFO [query.bulk_insert_to_db:708] 
        INSERT INTO FISHCM_VPN_ALERT ([_time],[src_user],[fullyqualifiedsubjectusername],[clientname],[clientipaddress],[nasidentifier],[nasport],[callingstationid])
        SELECT [_time],[src_user],[fullyqualifiedsubjectusername],[clientname],[clientipaddress],[nasidentifier],[nasport],[callingstationid] FROM #temp_FISHCM_VPN_ALERT
        
[2025-06-04 17:02:54] INFO [query.bulk_insert_to_db:722] DROP TABLE #temp_FISHCM_VPN_ALERT
[2025-06-04 17:03:17] INFO [query.register_csv_file:583] 
        IF NOT EXISTS (SELECT * FROM sys.objects WHERE object_id = OBJECT_ID(N'[dbo].[csv_registry]') AND type in (N'U'))
        BEGIN
            CREATE TABLE [dbo].[csv_registry] (
                [id] INT IDENTITY(1,1) PRIMARY KEY,
                [file_name] NVARCHAR(255) NOT NULL,
                [file_path] NVARCHAR(1000) NOT NULL,
                [row_count] INT NOT NULL,
                [column_count] INT NOT NULL,
                [loaded_at] DATETIME DEFAULT GETDATE(),
                [is_processed] BIT DEFAULT 1
            )
            
            CREATE INDEX [idx_csv_registry_is_processed] ON [dbo].[csv_registry] ([is_processed])
        END
        
[2025-06-04 17:03:17] INFO [query.register_csv_file:592] SELECT id FROM csv_registry WHERE file_path = ?
[2025-06-04 17:03:17] INFO [query.register_csv_file:617] 
            INSERT INTO csv_registry (file_name, file_path, row_count, column_count, is_processed)
            VALUES (?, ?, ?, ?, 1)
            
[2025-06-04 17:03:17] INFO [query.bulk_insert_to_db:649] 
        SELECT COLUMN_NAME, DATA_TYPE, CHARACTER_MAXIMUM_LENGTH 
        FROM INFORMATION_SCHEMA.COLUMNS 
        WHERE TABLE_NAME = 'FISHCM_VPN_Unsuccessful'
        ORDER BY ORDINAL_POSITION
        
[2025-06-04 17:03:18] INFO [query.bulk_insert_to_db:679] 
        CREATE TABLE #temp_FISHCM_VPN_Unsuccessful (
            [time] NVARCHAR(50), [src_user] NVARCHAR(50), [fullyqualifiedsubjectusername] NVARCHAR(255), [clientname] NVARCHAR(50), [clientipaddress] NVARCHAR(50), [nasidentifier] NVARCHAR(50), [nasport] BIGINT, [callingstationid] NVARCHAR(50), [authenticationtype] NVARCHAR(50), [reason] NVARCHAR(255), [processed_at] DATETIME2
        )
        
[2025-06-04 17:03:18] INFO [query.bulk_insert_to_db:688] INSERT INTO #temp_FISHCM_VPN_Unsuccessful ([time],[src_user],[fullyqualifiedsubjectusername],[clientname],[clientipaddress],[nasidentifier],[nasport],[callingstationid],[authenticationtype],[reason]) VALUES (?,?,?,?,?,?,?,?,?,?)
[2025-06-04 17:03:24] INFO [query.bulk_insert_to_db:708] 
        INSERT INTO FISHCM_VPN_Unsuccessful ([time],[src_user],[fullyqualifiedsubjectusername],[clientname],[clientipaddress],[nasidentifier],[nasport],[callingstationid],[authenticationtype],[reason])
        SELECT [time],[src_user],[fullyqualifiedsubjectusername],[clientname],[clientipaddress],[nasidentifier],[nasport],[callingstationid],[authenticationtype],[reason] FROM #temp_FISHCM_VPN_Unsuccessful
        
[2025-06-04 17:03:24] INFO [query.bulk_insert_to_db:722] DROP TABLE #temp_FISHCM_VPN_Unsuccessful
[2025-06-04 17:04:15] INFO [query.register_csv_file:583] 
        IF NOT EXISTS (SELECT * FROM sys.objects WHERE object_id = OBJECT_ID(N'[dbo].[csv_registry]') AND type in (N'U'))
        BEGIN
            CREATE TABLE [dbo].[csv_registry] (
                [id] INT IDENTITY(1,1) PRIMARY KEY,
                [file_name] NVARCHAR(255) NOT NULL,
                [file_path] NVARCHAR(1000) NOT NULL,
                [row_count] INT NOT NULL,
                [column_count] INT NOT NULL,
                [loaded_at] DATETIME DEFAULT GETDATE(),
                [is_processed] BIT DEFAULT 1
            )
            
            CREATE INDEX [idx_csv_registry_is_processed] ON [dbo].[csv_registry] ([is_processed])
        END
        
[2025-06-04 17:04:15] INFO [query.register_csv_file:592] SELECT id FROM csv_registry WHERE file_path = ?
[2025-06-04 17:04:15] INFO [query.register_csv_file:617] 
            INSERT INTO csv_registry (file_name, file_path, row_count, column_count, is_processed)
            VALUES (?, ?, ?, ?, 1)
            
[2025-06-04 17:04:19] INFO [query.bulk_insert_to_db:649] 
        SELECT COLUMN_NAME, DATA_TYPE, CHARACTER_MAXIMUM_LENGTH 
        FROM INFORMATION_SCHEMA.COLUMNS 
        WHERE TABLE_NAME = 'FISHCM_Wifi_All_Login'
        ORDER BY ORDINAL_POSITION
        
[2025-06-04 17:04:20] INFO [query.bulk_insert_to_db:679] 
        CREATE TABLE #temp_FISHCM_Wifi_All_Login (
            [time] NVARCHAR(50), [src_user] NVARCHAR(50), [fullyqualifiedsubjectusername] NVARCHAR(255), [clientname] NVARCHAR(50), [clientipaddress] NVARCHAR(50), [nasidentifier] NVARCHAR(50), [nasport] NVARCHAR(50), [callingstationid] NVARCHAR(50), [processed_at] DATETIME2
        )
        
[2025-06-04 17:04:20] INFO [query.bulk_insert_to_db:688] INSERT INTO #temp_FISHCM_Wifi_All_Login ([time],[src_user],[fullyqualifiedsubjectusername],[clientname],[clientipaddress],[nasidentifier],[nasport],[callingstationid]) VALUES (?,?,?,?,?,?,?,?)
[2025-06-04 17:23:28] INFO [query.bulk_insert_to_db:708] 
        INSERT INTO FISHCM_Wifi_All_Login ([time],[src_user],[fullyqualifiedsubjectusername],[clientname],[clientipaddress],[nasidentifier],[nasport],[callingstationid])
        SELECT [time],[src_user],[fullyqualifiedsubjectusername],[clientname],[clientipaddress],[nasidentifier],[nasport],[callingstationid] FROM #temp_FISHCM_Wifi_All_Login
        
[2025-06-04 17:23:38] INFO [query.bulk_insert_to_db:722] DROP TABLE #temp_FISHCM_Wifi_All_Login
[2025-06-04 17:23:51] INFO [query.register_csv_file:583] 
        IF NOT EXISTS (SELECT * FROM sys.objects WHERE object_id = OBJECT_ID(N'[dbo].[csv_registry]') AND type in (N'U'))
        BEGIN
            CREATE TABLE [dbo].[csv_registry] (
                [id] INT IDENTITY(1,1) PRIMARY KEY,
                [file_name] NVARCHAR(255) NOT NULL,
                [file_path] NVARCHAR(1000) NOT NULL,
                [row_count] INT NOT NULL,
                [column_count] INT NOT NULL,
                [loaded_at] DATETIME DEFAULT GETDATE(),
                [is_processed] BIT DEFAULT 1
            )
            
            CREATE INDEX [idx_csv_registry_is_processed] ON [dbo].[csv_registry] ([is_processed])
        END
        
[2025-06-04 17:23:51] INFO [query.register_csv_file:592] SELECT id FROM csv_registry WHERE file_path = ?
[2025-06-04 17:23:51] INFO [query.register_csv_file:617] 
            INSERT INTO csv_registry (file_name, file_path, row_count, column_count, is_processed)
            VALUES (?, ?, ?, ?, 1)
            
[2025-06-04 17:23:51] INFO [query.bulk_insert_to_db:649] 
        SELECT COLUMN_NAME, DATA_TYPE, CHARACTER_MAXIMUM_LENGTH 
        FROM INFORMATION_SCHEMA.COLUMNS 
        WHERE TABLE_NAME = 'FISHCM_Wifi_All_Login'
        ORDER BY ORDINAL_POSITION
        
[2025-06-04 17:23:51] INFO [query.bulk_insert_to_db:679] 
        CREATE TABLE #temp_FISHCM_Wifi_All_Login (
            [time] NVARCHAR(50), [src_user] NVARCHAR(50), [fullyqualifiedsubjectusername] NVARCHAR(255), [clientname] NVARCHAR(50), [clientipaddress] NVARCHAR(50), [nasidentifier] NVARCHAR(50), [nasport] NVARCHAR(50), [callingstationid] NVARCHAR(50), [processed_at] DATETIME2
        )
        
[2025-06-04 17:23:51] INFO [query.bulk_insert_to_db:688] INSERT INTO #temp_FISHCM_Wifi_All_Login ([time],[src_user],[fullyqualifiedsubjectusername],[clientname],[clientipaddress],[nasidentifier],[nasport],[callingstationid]) VALUES (?,?,?,?,?,?,?,?)
[2025-06-04 17:27:19] INFO [query.bulk_insert_to_db:708] 
        INSERT INTO FISHCM_Wifi_All_Login ([time],[src_user],[fullyqualifiedsubjectusername],[clientname],[clientipaddress],[nasidentifier],[nasport],[callingstationid])
        SELECT [time],[src_user],[fullyqualifiedsubjectusername],[clientname],[clientipaddress],[nasidentifier],[nasport],[callingstationid] FROM #temp_FISHCM_Wifi_All_Login
        
[2025-06-04 17:27:22] INFO [query.bulk_insert_to_db:722] DROP TABLE #temp_FISHCM_Wifi_All_Login
